2025-11-19 01:47:20, MOVE, v:1, k:poo@budega, mode:PICK
2025-11-19 01:47:26, EXEC, v:1, k:poo@budega, mode:FULL, rate:0, size:30
2025-11-19 01:47:28, EXEC, v:1, k:poo@budega, mode:FULL, rate:0
2025-11-19 01:47:29, EXEC, v:1, k:poo@budega, mode:FULL, rate:0
2025-11-19 02:20:45, EXEC, v:1, k:poo@budega, mode:FULL, rate:0, size:43
2025-11-19 02:41:26, EXEC, v:1, k:poo@budega, mode:FULL, rate:0, size:62
2025-11-19 02:43:06, EXEC, v:1, k:poo@budega, mode:FULL, rate:0, size:64
2025-11-19 02:47:45, EXEC, v:1, k:poo@budega, mode:FULL, rate:0, size:66
2025-11-19 02:47:57, EXEC, v:1, k:poo@budega, mode:FULL, rate:0, size:66
2025-11-19 02:49:55, EXEC, v:1, k:poo@budega, mode:FULL, rate:0, size:66
2025-11-19 02:50:04, EXEC, v:1, k:poo@budega, mode:FULL, rate:0, size:66
2025-11-19 02:50:10, EXEC, v:1, k:poo@budega, mode:FULL, rate:10, size:66
2025-11-19 03:36:13, EXEC, v:1, k:poo@budega, mode:FULL, rate:10, size:67
2025-11-19 03:36:28, EXEC, v:1, k:poo@budega, mode:FULL, rate:10, size:67
2025-11-19 03:36:56, EXEC, v:1, k:poo@budega, mode:FULL, rate:10, size:68
2025-11-19 03:37:15, EXEC, v:1, k:poo@budega, mode:FULL, rate:20, size:68
2025-11-19 03:37:53, EXEC, v:1, k:poo@budega, mode:FULL, rate:20, size:68
2025-11-19 03:38:54, EXEC, v:1, k:poo@budega, mode:FULL, rate:20, size:69
2025-11-19 03:42:03, EXEC, v:1, k:poo@budega, mode:FULL, rate:20, size:69
2025-11-19 03:42:19, EXEC, v:1, k:poo@budega, mode:FULL, rate:30, size:68
2025-11-19 03:49:56, EXEC, v:1, k:poo@budega, mode:FULL, rate:30, size:78
2025-11-19 03:50:16, EXEC, v:1, k:poo@budega, mode:FULL, rate:100, size:78
2025-11-19 03:50:30, MOVE, v:1, k:poo@budega, mode:BACK
2025-11-19 03:50:35, MOVE, v:1, k:poo@array, mode:PICK
2025-11-19 03:50:36, MOVE, v:1, k:poo@array, mode:BACK
2025-11-19 03:53:00, SELF, v:1, k:poo@budega, rate:100, human:_, guide:_, alone:8, study:132
2025-11-19 18:42:05, MOVE, v:1, k:poo@array, mode:PICK
2025-11-19 18:42:36, EXEC, v:1, k:poo@array, mode:LOCK, rate:100, size:6
2025-11-19 18:42:37, EXEC, v:1, k:poo@array, mode:LOCK, rate:100
2025-11-19 18:42:37, EXEC, v:1, k:poo@array, mode:LOCK, rate:100
2025-11-19 18:42:38, EXEC, v:1, k:poo@array, mode:LOCK, rate:100
2025-11-19 18:42:39, MOVE, v:1, k:poo@array, mode:BACK
2025-11-19 18:42:41, MOVE, v:1, k:poo@array, mode:PICK
2025-11-19 18:42:43, EXEC, v:1, k:poo@array, mode:LOCK, rate:100
2025-11-19 18:42:44, MOVE, v:1, k:poo@array, mode:BACK
2025-11-19 18:42:45, MOVE, v:1, k:poo@array, mode:PICK
2025-11-19 18:42:47, MOVE, v:1, k:poo@array, mode:BACK
2025-11-19 19:25:49, MOVE, v:1, k:poo@array, mode:PICK
2025-11-19 19:25:50, EXEC, v:1, k:poo@array, mode:LOCK, rate:0, size:80
2025-11-19 19:27:11, EXEC, v:1, k:poo@array, mode:LOCK, rate:0, size:82
2025-11-19 19:27:40, EXEC, v:1, k:poo@array, mode:LOCK, rate:0, size:86
2025-11-19 19:27:47, EXEC, v:1, k:poo@array, mode:LOCK, rate:0, size:88
2025-11-19 19:27:51, EXEC, v:1, k:poo@array, mode:LOCK, rate:0
2025-11-19 19:33:22, EXEC, v:1, k:poo@array, mode:LOCK, rate:0, size:90
2025-11-19 19:33:51, EXEC, v:1, k:poo@array, mode:LOCK, rate:0, size:89
2025-11-19 19:34:07, EXEC, v:1, k:poo@array, mode:LOCK, rate:0, size:90
2025-11-19 19:34:41, EXEC, v:1, k:poo@array, mode:LOCK, rate:0, size:102
2025-11-19 19:34:47, EXEC, v:1, k:poo@array, mode:LOCK, rate:0, size:102
2025-11-19 19:34:57, EXEC, v:1, k:poo@array, mode:LOCK, rate:0, size:102
2025-11-19 19:35:05, EXEC, v:1, k:poo@array, mode:LOCK, rate:0, size:104
2025-11-19 19:35:51, EXEC, v:1, k:poo@array, mode:LOCK, rate:0, size:107
2025-11-19 19:42:46, EXEC, v:1, k:poo@array, mode:LOCK, rate:0, size:111
2025-11-19 19:43:15, EXEC, v:1, k:poo@array, mode:LOCK, rate:0, size:111
2025-11-19 19:43:44, EXEC, v:1, k:poo@array, mode:LOCK, rate:0, size:111
2025-11-19 19:44:12, EXEC, v:1, k:poo@array, mode:LOCK, rate:0, size:111
2025-11-19 19:44:18, EXEC, v:1, k:poo@array, mode:LOCK, rate:0, size:111
2025-11-19 19:46:09, EXEC, v:1, k:poo@array, mode:LOCK, rate:0, size:111
2025-11-19 19:48:44, EXEC, v:1, k:poo@array, mode:LOCK, rate:0, size:111
2025-11-19 19:49:45, EXEC, v:1, k:poo@array, mode:LOCK, rate:0, size:114
2025-11-19 19:51:05, MOVE, v:1, k:poo@array, mode:BACK
2025-11-19 19:51:32, SELF, v:1, k:poo@array, rate:100, human:_, other:_, alone:8, study:70
2025-11-19 19:51:53, MOVE, v:1, k:poo@lapiseira, mode:PICK
2025-11-19 19:52:18, EXEC, v:1, k:poo@lapiseira, mode:FULL, rate:0, size:0
2025-11-19 19:52:20, EXEC, v:1, k:poo@lapiseira, mode:FULL, rate:0
2025-11-19 19:57:11, MOVE, v:1, k:poo@lapiseira, mode:BACK
