2025-11-20 01:51:43, MOVE, v:1, k:poo@lapiseira, mode:PICK
2025-11-20 01:51:45, EXEC, v:1, k:poo@lapiseira, mode:FULL, rate:0
2025-11-20 02:06:14, MOVE, v:1, k:poo@lapiseira, mode:PICK
2025-11-20 02:06:16, EXEC, v:1, k:poo@lapiseira, mode:FULL, rate:7, size:113
2025-11-20 02:08:59, EXEC, v:1, k:poo@lapiseira, mode:FULL, rate:7, size:110
2025-11-20 02:09:21, EXEC, v:1, k:poo@lapiseira, mode:FULL, rate:14, size:110
2025-11-20 02:09:33, EXEC, v:1, k:poo@lapiseira, mode:FULL, rate:21, size:110
2025-11-20 02:11:05, EXEC, v:1, k:poo@lapiseira, mode:FULL, rate:7, size:110
2025-11-20 02:13:29, EXEC, v:1, k:poo@lapiseira, mode:FULL, rate:7, size:113
2025-11-20 02:16:37, EXEC, v:1, k:poo@lapiseira, mode:FULL, rate:21, size:117
2025-11-20 02:17:05, EXEC, v:1, k:poo@lapiseira, mode:FULL, rate:21, size:119
2025-11-20 02:17:49, EXEC, v:1, k:poo@lapiseira, mode:FULL, rate:28, size:119
2025-11-20 02:18:15, EXEC, v:1, k:poo@lapiseira, mode:FULL, rate:28, size:119
2025-11-20 02:20:01, MOVE, v:1, k:poo@lapiseira, mode:PICK
2025-11-20 02:20:03, EXEC, v:1, k:poo@lapiseira, mode:FULL, rate:28
2025-11-20 02:22:12, EXEC, v:1, k:poo@lapiseira, mode:FULL, rate:35, size:117
2025-11-20 02:26:12, EXEC, v:1, k:poo@lapiseira, mode:FULL, rate:35, size:126
2025-11-20 02:26:43, EXEC, v:1, k:poo@lapiseira, mode:FULL, rate:21, size:126
2025-11-20 02:26:58, EXEC, v:1, k:poo@lapiseira, mode:FULL, rate:35, size:124
2025-11-20 02:27:32, EXEC, v:1, k:poo@lapiseira, mode:FULL, rate:42, size:124
2025-11-20 02:27:50, EXEC, v:1, k:poo@lapiseira, mode:FULL, rate:57, size:124
2025-11-20 02:28:17, EXEC, v:1, k:poo@lapiseira, mode:FULL, rate:100, size:124
2025-11-20 02:28:22, MOVE, v:1, k:poo@lapiseira, mode:BACK
2025-11-20 02:28:53, SELF, v:1, k:poo@lapiseira, rate:100, human:_, alone:9, study:60
2025-11-20 02:29:01, SELF, v:1, k:poo@budega, rate:100, human:_, guide:_, alone:9, study:132
2025-11-20 02:29:08, SELF, v:1, k:poo@array, rate:100, human:_, other:_, alone:9, study:70
